10 июня 2013 г. -- Failure sending mail. -- System.Net.Mail.SmtpException
10 июня 2013 г. -- Failure sending mail. -- System.Net.Mail.SmtpException
10 июня 2013 г. -- d:\DotOrg\DotOrg.3dlab.Web\Views\Mails\ConfirmReferance.cshtml(4): error CS1061: 'DotOrg._3dlab.Web.Controllers.AccountsController' does not contain a definition for 'Confirm' and no extension method 'Confirm' accepting a first argument of type 'DotOrg._3dlab.Web.Controllers.AccountsController' could be found (are you missing a using directive or an assembly reference?) -- System.Web.HttpCompileException
10 июня 2013 г. -- d:\DotOrg\DotOrg.3dlab.Web\Views\Mails\ConfirmReferance.cshtml(4): error CS1061: 'DotOrg._3dlab.Web.Controllers.AccountsController' does not contain a definition for 'Confirm' and no extension method 'Confirm' accepting a first argument of type 'DotOrg._3dlab.Web.Controllers.AccountsController' could be found (are you missing a using directive or an assembly reference?) -- System.Web.HttpCompileException
